<?xml version="1.0" encoding="UTF-8"?>
<!-- Generated by org.testng.reporters.JUnitXMLReporter -->
<testsuite ignored="0" hostname="JananeVijay" failures="1" tests="2" name="Test" time="5.154" errors="0" timestamp="04 May 2023 05:51:33 GMT">
  <testcase classname="testcases.LoginTestcaseSwag" name="test1" time="0.583"/>
  <testcase classname="testcases.LoginTestcaseSwag" name="test2" time="0.0">
    <failure type="org.testng.TestNGException" message="
Cannot inject @Test annotated Method [test2] with [class org.jsoup.Connection$Method].
For more information on native dependency injection please refer to http://testng.org/doc/documentation-main.html#native-dependency-injection">
      <![CDATA[org.testng.TestNGException: 
Cannot inject @Test annotated Method [test2] with [class org.jsoup.Connection$Method].
For more information on native dependency injection please refer to http://testng.org/doc/documentation-main.html#native-dependency-injection
... Removed 24 stack frames]]>
    </failure>
  </testcase> <!-- test2 -->
</testsuite> <!-- Test -->
