<?xml version="1.0" encoding="UTF-8"?>
<testng-results skipped="0" failed="0" ignored="0" total="2" passed="2">
  <reporter-output>
  </reporter-output>
  <suite name="Suite" duration-ms="10295" started-at="2023-05-04T07:36:11Z" finished-at="2023-05-04T07:36:21Z">
    <groups>
    </groups>
    <test name="Test" duration-ms="10295" started-at="2023-05-04T07:36:11Z" finished-at="2023-05-04T07:36:21Z">
      <class name="testcases.LoginTestcaseSwag">
        <test-method status="PASS" signature="ReportSetup()[pri:0, instance:testcases.LoginTestcaseSwag@6591f517]" name="ReportSetup" is-config="true" duration-ms="572" started-at="2023-05-04T07:36:11Z" finished-at="2023-05-04T07:36:11Z">
          <reporter-output>
          </reporter-output>
        </test-method> <!-- ReportSetup -->
        <test-method status="PASS" signature="SetUp(java.lang.reflect.Method)[pri:0, instance:testcases.LoginTestcaseSwag@6591f517]" name="SetUp" is-config="true" duration-ms="4005" started-at="2023-05-04T07:36:11Z" finished-at="2023-05-04T07:36:15Z">
          <params>
            <param index="0">
              <value>
                <![CDATA[public void testcases.LoginTestcaseSwag.test1() throws com.codoid.products.exception.FilloException]]>
              </value>
            </param>
          </params>
          <reporter-output>
          </reporter-output>
        </test-method> <!-- SetUp -->
        <test-method status="PASS" signature="test1()[pri:0, instance:testcases.LoginTestcaseSwag@6591f517]" name="test1" duration-ms="587" started-at="2023-05-04T07:36:15Z" finished-at="2023-05-04T07:36:16Z">
          <reporter-output>
          </reporter-output>
        </test-method> <!-- test1 -->
        <test-method status="PASS" signature="TearDown()[pri:0, instance:testcases.LoginTestcaseSwag@6591f517]" name="TearDown" is-config="true" duration-ms="727" started-at="2023-05-04T07:36:16Z" finished-at="2023-05-04T07:36:17Z">
          <reporter-output>
          </reporter-output>
        </test-method> <!-- TearDown -->
        <test-method status="PASS" signature="SetUp(java.lang.reflect.Method)[pri:0, instance:testcases.LoginTestcaseSwag@6591f517]" name="SetUp" is-config="true" duration-ms="3131" started-at="2023-05-04T07:36:17Z" finished-at="2023-05-04T07:36:20Z">
          <params>
            <param index="0">
              <value>
                <![CDATA[public void testcases.LoginTestcaseSwag.test2() throws com.codoid.products.exception.FilloException]]>
              </value>
            </param>
          </params>
          <reporter-output>
          </reporter-output>
        </test-method> <!-- SetUp -->
        <test-method status="PASS" signature="test2()[pri:0, instance:testcases.LoginTestcaseSwag@6591f517]" name="test2" duration-ms="332" started-at="2023-05-04T07:36:20Z" finished-at="2023-05-04T07:36:20Z">
          <reporter-output>
          </reporter-output>
        </test-method> <!-- test2 -->
        <test-method status="PASS" signature="TearDown()[pri:0, instance:testcases.LoginTestcaseSwag@6591f517]" name="TearDown" is-config="true" duration-ms="686" started-at="2023-05-04T07:36:20Z" finished-at="2023-05-04T07:36:21Z">
          <reporter-output>
          </reporter-output>
        </test-method> <!-- TearDown -->
        <test-method status="PASS" signature="ReportClean()[pri:0, instance:testcases.LoginTestcaseSwag@6591f517]" name="ReportClean" is-config="true" duration-ms="240" started-at="2023-05-04T07:36:21Z" finished-at="2023-05-04T07:36:21Z">
          <reporter-output>
          </reporter-output>
        </test-method> <!-- ReportClean -->
      </class> <!-- testcases.LoginTestcaseSwag -->
    </test> <!-- Test -->
  </suite> <!-- Suite -->
</testng-results>
